[2015-07-09 23:48:38] myapp.INFO: Matched route "_api_ps_one_". {"route_parameters":{"_controller":"[object] (Closure: {})","name":"one","_route":"_api_ps_one_"},"request_uri":"http://pay.gourry-pc/api/ps/one/?a=133&b=10&md5=0e41bd2e0c9201a7c20af7af3f0ed4fb"} []
[2015-07-09 23:48:38] myapp.INFO: > GET /api/ps/one/?a=133&b=10&md5=0e41bd2e0c9201a7c20af7af3f0ed4fb [] []
[2015-07-09 23:48:38] myapp.INFO: 'One':new request with:{"a":"133","b":"10","md5":"0e41bd2e0c9201a7c20af7af3f0ed4fb"} [] []
[2015-07-09 23:48:38] myapp.INFO: 'One':valid request [] []
[2015-07-09 23:48:38] myapp.INFO: 'One':transaction-saved [] []
[2015-07-09 23:48:38] myapp.INFO: < 200 [] []
[2015-07-09 23:50:44] myapp.INFO: Matched route "_api_ps_one_". {"route_parameters":{"_controller":"[object] (Closure: {})","name":"one","_route":"_api_ps_one_"},"request_uri":"http://pay.gourry-pc/api/ps/one/?a=133&b=10&md5=0e41bd2e0c9201a7c20af7af3f0ed4fb"} []
[2015-07-09 23:50:44] myapp.INFO: > GET /api/ps/one/?a=133&b=10&md5=0e41bd2e0c9201a7c20af7af3f0ed4fb [] []
[2015-07-09 23:50:44] myapp.INFO: 'One':new request with:{"a":"133","b":"10","md5":"0e41bd2e0c9201a7c20af7af3f0ed4fb"} [] []
[2015-07-09 23:50:44] myapp.INFO: 'One':valid request [] []
[2015-07-09 23:50:44] myapp.INFO: 'One':transaction-saved:0 [] []
[2015-07-09 23:50:44] myapp.INFO: < 200 [] []
[2015-07-09 23:52:23] myapp.INFO: Matched route "_api_ps_one_". {"route_parameters":{"_controller":"[object] (Closure: {})","name":"one","_route":"_api_ps_one_"},"request_uri":"http://pay.gourry-pc/api/ps/one/?a=133&b=10&md5=0e41bd2e0c9201a7c20af7af3f0ed4fb"} []
[2015-07-09 23:52:23] myapp.INFO: > GET /api/ps/one/?a=133&b=10&md5=0e41bd2e0c9201a7c20af7af3f0ed4fb [] []
[2015-07-09 23:52:23] myapp.INFO: 'One':new request with:{"a":"133","b":"10","md5":"0e41bd2e0c9201a7c20af7af3f0ed4fb"} [] []
[2015-07-09 23:52:23] myapp.INFO: 'One':valid request [] []
[2015-07-09 23:52:23] myapp.INFO: 'One':transaction-saved:311 [] []
[2015-07-09 23:52:23] myapp.INFO: < 200 [] []
[2015-07-10 00:05:25] myapp.INFO: Matched route "_api_ps_one_". {"route_parameters":{"_controller":"[object] (Closure: {})","name":"one","_route":"_api_ps_one_"},"request_uri":"http://pay.gourry-pc/api/ps/one/?a=133&b=10&md5=0e41bd2e0c9201a7c20af7af3f0ed4fb"} []
[2015-07-10 00:05:25] myapp.INFO: > GET /api/ps/one/?a=133&b=10&md5=0e41bd2e0c9201a7c20af7af3f0ed4fb [] []
[2015-07-10 00:05:25] myapp.INFO: 'One':new request with:{"a":"133","b":"10","md5":"0e41bd2e0c9201a7c20af7af3f0ed4fb"} [] []
[2015-07-10 00:05:25] myapp.INFO: 'One':valid request [] []
[2015-07-10 00:05:25] myapp.INFO: 'One':transaction-saved:312 [] []
[2015-07-10 00:05:25] myapp.INFO: < 200 [] []
[2015-07-10 00:05:29] myapp.INFO: Matched route "GET_". {"route_parameters":{"_controller":"[object] (Closure: {})","_route":"GET_"},"request_uri":"http://pay.gourry-pc/"} []
[2015-07-10 00:05:29] myapp.INFO: > GET / [] []
[2015-07-10 00:05:29] myapp.INFO: < 200 [] []
[2015-07-10 00:05:32] myapp.INFO: Matched route "GET_user_payments_". {"route_parameters":{"_controller":"[object] (Closure: {})","_route":"GET_user_payments_"},"request_uri":"http://pay.gourry-pc/user/payments/?id=&name="} []
[2015-07-10 00:05:32] myapp.INFO: > GET /user/payments/?name=&id= [] []
[2015-07-10 00:05:32] myapp.ERROR: Symfony\Component\HttpKernel\Exception\HttpException: User not found (uncaught exception) at D:\httpdocs\pay\vendor\silex\silex\src\Silex\Application.php line 395 {"exception":"[object] (Symfony\\Component\\HttpKernel\\Exception\\HttpException(code: 0): User not found at D:\\httpdocs\\pay\\vendor\\silex\\silex\\src\\Silex\\Application.php:395)"} []
[2015-07-10 00:05:32] myapp.INFO: < 404 [] []
[2015-07-10 00:05:35] myapp.INFO: Matched route "GET_user_find_". {"route_parameters":{"_controller":"[object] (Closure: {})","_route":"GET_user_find_"},"request_uri":"http://pay.gourry-pc/user/find/?term=al"} []
[2015-07-10 00:05:35] myapp.INFO: > GET /user/find/?term=al [] []
[2015-07-10 00:05:35] myapp.INFO: < 200 [] []
[2015-07-10 00:05:36] myapp.INFO: Matched route "GET_user_find_". {"route_parameters":{"_controller":"[object] (Closure: {})","_route":"GET_user_find_"},"request_uri":"http://pay.gourry-pc/user/find/?term=ala"} []
[2015-07-10 00:05:36] myapp.INFO: > GET /user/find/?term=ala [] []
[2015-07-10 00:05:36] myapp.INFO: < 200 [] []
[2015-07-10 00:05:38] myapp.INFO: Matched route "GET_user_payments_". {"route_parameters":{"_controller":"[object] (Closure: {})","_route":"GET_user_payments_"},"request_uri":"http://pay.gourry-pc/user/payments/?id=142&name=Alan%20Brown%20%2834.69%29"} []
[2015-07-10 00:05:38] myapp.INFO: > GET /user/payments/?name=Alan+Brown+(34.69)&id=142 [] []
[2015-07-10 00:05:38] myapp.INFO: < 200 [] []
[2015-07-10 00:05:40] myapp.INFO: Matched route "GET_user_payments_". {"route_parameters":{"_controller":"[object] (Closure: {})","_route":"GET_user_payments_"},"request_uri":"http://pay.gourry-pc/user/payments/?id=142&name=Alan%20Brown%20%2834.69%29"} []
[2015-07-10 00:05:40] myapp.INFO: > GET /user/payments/?name=Alan+Brown+(34.69)&id=142 [] []
[2015-07-10 00:05:40] myapp.INFO: < 200 [] []
[2015-07-10 00:05:46] myapp.INFO: Matched route "_api_ps_one_". {"route_parameters":{"_controller":"[object] (Closure: {})","name":"one","_route":"_api_ps_one_"},"request_uri":"http://pay.gourry-pc/api/ps/one/?a=142&b=100&md5=0d5c1f830be14f64408908f16ab854e2"} []
[2015-07-10 00:05:46] myapp.INFO: > GET /api/ps/one/?a=142&b=100&md5=0d5c1f830be14f64408908f16ab854e2 [] []
[2015-07-10 00:05:46] myapp.INFO: 'One':new request with:{"a":"142","b":"100","md5":"0d5c1f830be14f64408908f16ab854e2"} [] []
[2015-07-10 00:05:46] myapp.INFO: 'One':valid request [] []
[2015-07-10 00:05:46] myapp.INFO: 'One':transaction-saved:313 [] []
[2015-07-10 00:05:46] myapp.INFO: < 200 [] []
[2015-07-10 00:05:49] myapp.INFO: Matched route "GET_". {"route_parameters":{"_controller":"[object] (Closure: {})","_route":"GET_"},"request_uri":"http://pay.gourry-pc/"} []
[2015-07-10 00:05:49] myapp.INFO: > GET / [] []
[2015-07-10 00:05:49] myapp.INFO: < 200 [] []
[2015-07-10 00:05:52] myapp.INFO: Matched route "GET_user_payments_". {"route_parameters":{"_controller":"[object] (Closure: {})","_route":"GET_user_payments_"},"request_uri":"http://pay.gourry-pc/user/payments/?id=142&name=Alan%20Brown%20%2834.69%29"} []
[2015-07-10 00:05:52] myapp.INFO: > GET /user/payments/?name=Alan+Brown+(34.69)&id=142 [] []
[2015-07-10 00:05:52] myapp.INFO: < 200 [] []
[2015-07-10 00:06:16] myapp.INFO: Matched route "GET_user_find_". {"route_parameters":{"_controller":"[object] (Closure: {})","_route":"GET_user_find_"},"request_uri":"http://pay.gourry-pc/user/find/?term=Alan%20Brown"} []
[2015-07-10 00:06:16] myapp.INFO: > GET /user/find/?term=Alan+Brown [] []
[2015-07-10 00:06:16] myapp.INFO: < 200 [] []
[2015-07-10 00:06:17] myapp.INFO: Matched route "GET_user_payments_". {"route_parameters":{"_controller":"[object] (Closure: {})","_route":"GET_user_payments_"},"request_uri":"http://pay.gourry-pc/user/payments/?id=142&name=Alan%20Brown"} []
[2015-07-10 00:06:17] myapp.INFO: > GET /user/payments/?name=Alan+Brown&id=142 [] []
[2015-07-10 00:06:17] myapp.INFO: < 200 [] []
[2015-07-10 00:06:21] myapp.INFO: Matched route "GET_user_find_". {"route_parameters":{"_controller":"[object] (Closure: {})","_route":"GET_user_find_"},"request_uri":"http://pay.gourry-pc/user/find/?term=Alan%20Brow"} []
[2015-07-10 00:06:21] myapp.INFO: > GET /user/find/?term=Alan+Brow [] []
[2015-07-10 00:06:21] myapp.INFO: < 200 [] []
[2015-07-10 00:06:23] myapp.INFO: Matched route "GET_user_payments_". {"route_parameters":{"_controller":"[object] (Closure: {})","_route":"GET_user_payments_"},"request_uri":"http://pay.gourry-pc/user/payments/?id=142&name=Alan%20Brown%20%28134.69%29"} []
[2015-07-10 00:06:23] myapp.INFO: > GET /user/payments/?name=Alan+Brown+(134.69)&id=142 [] []
[2015-07-10 00:06:23] myapp.INFO: < 200 [] []
